<?xml version="1.0" encoding="UTF-8"?>
<testng-results ignored="0" total="4" passed="3" failed="1" skipped="0">
  <reporter-output>
  </reporter-output>
  <suite started-at="2022-10-07T16:28:41 COT" name="Suite" finished-at="2022-10-07T16:30:36 COT" duration-ms="114443">
    <groups>
    </groups>
    <test started-at="2022-10-07T16:28:41 COT" name="Test" finished-at="2022-10-07T16:30:36 COT" duration-ms="114443">
      <class name="Run.Run">
        <test-method is-config="true" signature="beforeClass(java.lang.String,java.lang.String,java.lang.String,java.lang.String,java.lang.String,java.lang.String,java.lang.String,java.lang.String,java.lang.String)[pri:0, instance:Run.Run@5ba3f27a]" started-at="2022-10-07T16:28:41 COT" name="beforeClass" finished-at="2022-10-07T16:28:41 COT" duration-ms="29" status="PASS">
          <params>
            <param index="0">
              <value>
                <![CDATA[Android]]>
              </value>
            </param>
            <param index="1">
              <value>
                <![CDATA[1e9e4752]]>
              </value>
            </param>
            <param index="2">
              <value>
                <![CDATA[11]]>
              </value>
            </param>
            <param index="3">
              <value>
                <![CDATA[true]]>
              </value>
            </param>
            <param index="4">
              <value>
                <![CDATA[true]]>
              </value>
            </param>
            <param index="5">
              <value>
                <![CDATA[./imagenes/logomercadolibre.png]]>
              </value>
            </param>
            <param index="6">
              <value>
                <![CDATA[./imagenes/logodemo.png]]>
              </value>
            </param>
            <param index="7">
              <value>
                <![CDATA[./imagenes/logocalculadora.png]]>
              </value>
            </param>
            <param index="8">
              <value>
                <![CDATA[default]]>
              </value>
            </param>
          </params>
          <reporter-output>
          </reporter-output>
        </test-method> <!-- beforeClass -->
        <test-method signature="calculadora(java.lang.String,java.lang.String,java.lang.String,java.lang.String,java.lang.String,java.lang.String,java.lang.String)[pri:1, instance:Run.Run@5ba3f27a]" started-at="2022-10-07T16:28:42 COT" name="calculadora" data-provider="datosCalculadora" finished-at="2022-10-07T16:29:20 COT" duration-ms="37930" status="FAIL">
          <params>
            <param index="0">
              <value>
                <![CDATA[multiplicar]]>
              </value>
            </param>
            <param index="1">
              <value>
                <![CDATA[3]]>
              </value>
            </param>
            <param index="2">
              <value>
                <![CDATA[3]]>
              </value>
            </param>
            <param index="3">
              <value>
                <![CDATA[Si]]>
              </value>
            </param>
            <param index="4">
              <value>
                <![CDATA[Si]]>
              </value>
            </param>
            <param index="5">
              <value>
                <![CDATA[com.miui.calculator]]>
              </value>
            </param>
            <param index="6">
              <value>
                <![CDATA[com.miui.calculator.cal.CalculatorActivity]]>
              </value>
            </param>
          </params>
          <exception class="java.lang.AssertionError">
            <message>
              <![CDATA[expected:<By.xpath: //android.widget.TextView[@text='9']> but was:<9>]]>
            </message>
            <full-stacktrace>
              <![CDATA[java.lang.AssertionError: expected:<By.xpath: //android.widget.TextView[@text='9']> but was:<9>
at org.junit.Assert.fail(Assert.java:89)
at org.junit.Assert.failNotEquals(Assert.java:835)
at org.junit.Assert.assertEquals(Assert.java:120)
at org.junit.Assert.assertEquals(Assert.java:146)
at PagsObjets.PagsObjetCalculadora.operaciones(PagsObjetCalculadora.java:42)
at Run.Run.calculadora(Run.java:128)
at java.base/jdk.internal.reflect.NativeMethodAccessorImpl.invoke0(Native Method)
at java.base/jdk.internal.reflect.NativeMethodAccessorImpl.invoke(NativeMethodAccessorImpl.java:77)
at java.base/jdk.internal.reflect.DelegatingMethodAccessorImpl.invoke(DelegatingMethodAccessorImpl.java:43)
at java.base/java.lang.reflect.Method.invoke(Method.java:568)
at org.testng.internal.MethodInvocationHelper.invokeMethod(MethodInvocationHelper.java:133)
at org.testng.internal.TestInvoker.invokeMethod(TestInvoker.java:598)
at org.testng.internal.TestInvoker.invokeTestMethod(TestInvoker.java:173)
at org.testng.internal.MethodRunner.runInSequence(MethodRunner.java:46)
at org.testng.internal.TestInvoker$MethodInvocationAgent.invoke(TestInvoker.java:824)
at org.testng.internal.TestInvoker.invokeTestMethods(TestInvoker.java:146)
at org.testng.internal.TestMethodWorker.invokeTestMethods(TestMethodWorker.java:146)
at org.testng.internal.TestMethodWorker.run(TestMethodWorker.java:128)
at java.base/java.util.ArrayList.forEach(ArrayList.java:1511)
at org.testng.TestRunner.privateRun(TestRunner.java:794)
at org.testng.TestRunner.run(TestRunner.java:596)
at org.testng.SuiteRunner.runTest(SuiteRunner.java:377)
at org.testng.SuiteRunner.runSequentially(SuiteRunner.java:371)
at org.testng.SuiteRunner.privateRun(SuiteRunner.java:332)
at org.testng.SuiteRunner.run(SuiteRunner.java:276)
at org.testng.SuiteRunnerWorker.runSuite(SuiteRunnerWorker.java:53)
at org.testng.SuiteRunnerWorker.run(SuiteRunnerWorker.java:96)
at org.testng.TestNG.runSuitesSequentially(TestNG.java:1212)
at org.testng.TestNG.runSuitesLocally(TestNG.java:1134)
at org.testng.TestNG.runSuites(TestNG.java:1063)
at org.testng.TestNG.run(TestNG.java:1031)
at org.testng.remote.AbstractRemoteTestNG.run(AbstractRemoteTestNG.java:115)
at org.testng.remote.RemoteTestNG.initAndRun(RemoteTestNG.java:251)
at org.testng.remote.RemoteTestNG.main(RemoteTestNG.java:77)
]]>
            </full-stacktrace>
          </exception> <!-- java.lang.AssertionError -->
          <reporter-output>
          </reporter-output>
        </test-method> <!-- calculadora -->
        <test-method signature="test(java.lang.String,java.lang.String,java.lang.String,java.lang.String,java.lang.String,java.lang.String,java.lang.String)[pri:2, instance:Run.Run@5ba3f27a]" started-at="2022-10-07T16:29:20 COT" name="test" data-provider="datosMercadolibre" finished-at="2022-10-07T16:29:46 COT" duration-ms="25611" status="PASS">
          <params>
            <param index="0">
              <value>
                <![CDATA[https://www.mercadolibre.com.co]]>
              </value>
            </param>
            <param index="1">
              <value>
                <![CDATA[No]]>
              </value>
            </param>
            <param index="2">
              <value>
                <![CDATA[No]]>
              </value>
            </param>
            <param index="3">
              <value>
                <![CDATA[mause]]>
              </value>
            </param>
            <param index="4">
              <value>
                <![CDATA[jessica]]>
              </value>
            </param>
            <param index="5">
              <value>
                <![CDATA[com.android.chrome]]>
              </value>
            </param>
            <param index="6">
              <value>
                <![CDATA[com.google.android.apps.chrome.Main]]>
              </value>
            </param>
          </params>
          <reporter-output>
          </reporter-output>
        </test-method> <!-- test -->
        <test-method signature="Tool(java.lang.String,java.lang.String,java.lang.String,java.lang.String,java.lang.String,java.lang.String)[pri:3, instance:Run.Run@5ba3f27a]" started-at="2022-10-07T16:29:46 COT" name="Tool" data-provider="datosTool" finished-at="2022-10-07T16:30:10 COT" duration-ms="23779" status="PASS">
          <params>
            <param index="0">
              <value>
                <![CDATA[https://demoqa.com/]]>
              </value>
            </param>
            <param index="1">
              <value>
                <![CDATA[No]]>
              </value>
            </param>
            <param index="2">
              <value>
                <![CDATA[No]]>
              </value>
            </param>
            <param index="3">
              <value>
                <![CDATA[jessica]]>
              </value>
            </param>
            <param index="4">
              <value>
                <![CDATA[com.android.chrome]]>
              </value>
            </param>
            <param index="5">
              <value>
                <![CDATA[com.google.android.apps.chrome.Main]]>
              </value>
            </param>
          </params>
          <reporter-output>
          </reporter-output>
        </test-method> <!-- Tool -->
        <test-method signature="Widget(java.lang.String,java.lang.String,java.lang.String,java.lang.String,java.lang.String)[pri:4, instance:Run.Run@5ba3f27a]" started-at="2022-10-07T16:30:10 COT" name="Widget" data-provider="datoswidget" finished-at="2022-10-07T16:30:34 COT" duration-ms="24460" status="PASS">
          <params>
            <param index="0">
              <value>
                <![CDATA[https://demoqa.com/]]>
              </value>
            </param>
            <param index="1">
              <value>
                <![CDATA[No]]>
              </value>
            </param>
            <param index="2">
              <value>
                <![CDATA[No]]>
              </value>
            </param>
            <param index="3">
              <value>
                <![CDATA[com.android.chrome]]>
              </value>
            </param>
            <param index="4">
              <value>
                <![CDATA[com.google.android.apps.chrome.Main]]>
              </value>
            </param>
          </params>
          <reporter-output>
          </reporter-output>
        </test-method> <!-- Widget -->
        <test-method is-config="true" signature="afterClass()[pri:0, instance:Run.Run@5ba3f27a]" started-at="2022-10-07T16:30:34 COT" name="afterClass" finished-at="2022-10-07T16:30:36 COT" duration-ms="1503" status="PASS">
          <reporter-output>
          </reporter-output>
        </test-method> <!-- afterClass -->
      </class> <!-- Run.Run -->
    </test> <!-- Test -->
  </suite> <!-- Suite -->
</testng-results>
